<?xml version="1.0" encoding="UTF-8"?>
<!-- Generated by org.testng.reporters.JUnitReportReporter -->
<testsuite hostname="DESKTOP-EJ642PJ" failures="0" tests="1" name="com.Cortex.Cases.YahooTest" time="41.146" errors="0" timestamp="2022-08-06T16:51:42 IST" skipped="0">
  <testcase classname="com.Cortex.Cases.YahooTest" name="login" time="41.146"/>
  <system-out/>
</testsuite> <!-- com.Cortex.Cases.YahooTest -->
